     1                                  
     2                                  section .text
     3                                  
     4                                  global _start
     5                                  
     6                                  _start:
     7                                  
     8 00000000 B801000000                  mov rax, 0x01
     9 00000005 48BE-                       mov rsi, enterPassword
     9 00000007 [1B02000000000000] 
    10 0000000F BF01000000                  mov rdi, 1
    11 00000014 488B1425[13020000]          mov rdx, [enterPasswordLen]
    12 0000001C 0F05                        syscall
    13 0000001E 41B800000000                mov r8, 0
    14                                      ScanLoop:
    15 00000024 B800000000                      mov rax, 0x00
    16 00000029 48BE-                           mov rsi, PassBuffer
    16 0000002B [0000000000000000] 
    17 00000033 4C01C6                          add rsi, r8
    18 00000036 BF00000000                      mov rdi, 0
    19 0000003B BA01000000                      mov rdx, 1
    20 00000040 0F05                            syscall
    21                                          ; mov rax, 0x01
    22                                          ; mov rsi, PassBuffer
    23                                          ; add rsi, r8
    24                                          ; mov rdi, 1
    25                                          ; mov rdx, 1
    26                                          ; syscall
    27                                          ; mov r9b, [PassBuffer + r8]
    28 00000042 49FFC0                          inc r8
    29 00000045 803E0A                          cmp byte [rsi], 10
    30 00000048 75DA                            jne ScanLoop
    31 0000004A C60600                      mov byte [rsi], 0
    32 0000004D 48B8-                       mov rax, PassBuffer
    32 0000004F [0000000000000000] 
    33 00000057 48BA-                       mov rdx, RightPassword
    33 00000059 [0802000000000000] 
    34 00000061 488B0C25[00020000]          mov rcx, [RightPasswordLen]
    35                                      ; inc rcx
    36                                      CmpLoop:
    37 00000069 4883F900                        cmp rcx, 0
    38 0000006D 7416                            je AccessGranted
    39 0000006F 448A00                          mov r8b, [rax]
    40 00000072 448A0A                          mov r9b, [rdx]
    41 00000075 4538C8                          cmp r8b, r9b
    42 00000078 752B                            jne AccessDenied
    43 0000007A 48FFC0                          inc rax
    44 0000007D 48FFC2                          inc rdx
    45 00000080 48FFC9                          dec rcx
    46 00000083 EBE4                            jmp CmpLoop
    47                                      AccessGranted:
    48 00000085 48BE-                       mov rsi, CorrectPasswordStr
    48 00000087 [3802000000000000] 
    49 0000008F B801000000                  mov rax, 0x01
    50 00000094 BF01000000                  mov rdi, 1
    51 00000099 488B1425[30020000]          mov rdx, [CorrectPasswordStrLen]
    52 000000A1 0F05                        syscall
    53 000000A3 EB1E                        jmp End
    54                                      AccessDenied:
    55 000000A5 48BE-                       mov rsi, IncorrectPasswordStr
    55 000000A7 [4F02000000000000] 
    56 000000AF B801000000                  mov rax, 0x01
    57 000000B4 BF01000000                  mov rdi, 1
    58 000000B9 488B1425[47020000]          mov rdx, [IncorrectPasswordStrLen]
    59 000000C1 0F05                        syscall
    60                                      End:
    61 000000C3 B83C000000                  mov rax, 0x3C      ; exit64 (rdi)
    62 000000C8 4831FF                      xor rdi, rdi
    63 000000CB 0F05                        syscall
    64                                  
    65                                  section     .data
    66                                  
    67 00000000 00<rep 200h>            PassBuffer  times 512 db  0
    68 00000200 0B00000000000000        RightPasswordLen dq 11
    69 00000208 68656C6C6F776F726C-     RightPassword db "helloworld", 0x00
    69 00000211 6400               
    70 00000213 1500000000000000        enterPasswordLen dq 21
    71 0000021B 456E74657220796F75-     enterPassword db "Enter your password:", 10
    71 00000224 722070617373776F72-
    71 0000022D 643A0A             
    72 00000230 0F00000000000000        CorrectPasswordStrLen dq 15
    73 00000238 416363657373206772-     CorrectPasswordStr db "Access granted", 10
    73 00000241 616E7465640A       
    74 00000247 0E00000000000000        IncorrectPasswordStrLen dq 14
    75 0000024F 416363657373206465-     IncorrectPasswordStr db "Access denied", 10
    75 00000258 6E6965640A         
